{"level":"info","message":"Automation started...","timestamp":"2026-03-19T03:00:12.244Z"}
{"level":"info","message":"Automation started...","timestamp":"2026-03-19T03:03:25.437Z"}
{"level":"info","message":"Checking new tickets...","timestamp":"2026-03-19T03:03:25.439Z"}
{"level":"error","message":"Automation error tickets is not iterable","stack":"TypeError: tickets is not iterable\n    at checkNewTickets (D:\\2025-2026\\Onboarding\\Odoo-Analysis-automation-week5\\automation\\src\\index.ts:48:21)\n    at processTicksAndRejections (node:internal/process/task_queues:103:5)","timestamp":"2026-03-19T03:03:26.784Z"}
{"level":"info","message":"Checking new tickets...","timestamp":"2026-03-19T03:04:25.472Z"}
{"level":"error","message":"Automation error tickets is not iterable","stack":"TypeError: tickets is not iterable\n    at Timeout.checkNewTickets [as _onTimeout] (D:\\2025-2026\\Onboarding\\Odoo-Analysis-automation-week5\\automation\\src\\index.ts:48:21)\n    at processTicksAndRejections (node:internal/process/task_queues:103:5)","timestamp":"2026-03-19T03:04:26.843Z"}
{"level":"info","message":"Checking new tickets...","timestamp":"2026-03-19T03:05:25.480Z"}
{"level":"error","message":"Automation error tickets is not iterable","stack":"TypeError: tickets is not iterable\n    at Timeout.checkNewTickets [as _onTimeout] (D:\\2025-2026\\Onboarding\\Odoo-Analysis-automation-week5\\automation\\src\\index.ts:48:21)\n    at processTicksAndRejections (node:internal/process/task_queues:103:5)","timestamp":"2026-03-19T03:05:26.822Z"}
{"level":"info","message":"Automation started...","timestamp":"2026-03-19T03:05:31.250Z"}
{"level":"info","message":"Checking new tickets...","timestamp":"2026-03-19T03:05:31.252Z"}
{"level":"error","message":"Automation error tickets is not iterable","stack":"TypeError: tickets is not iterable\n    at checkNewTickets (D:\\2025-2026\\Onboarding\\Odoo-Analysis-automation-week5\\automation\\src\\index.ts:51:21)\n    at processTicksAndRejections (node:internal/process/task_queues:103:5)","timestamp":"2026-03-19T03:05:31.478Z"}
{"level":"info","message":"Automation started...","timestamp":"2026-03-19T03:06:02.499Z"}
{"level":"info","message":"Checking new tickets...","timestamp":"2026-03-19T03:06:02.501Z"}
{"level":"error","message":"Automation error Cannot read properties of undefined (reading 'result')","stack":"TypeError: Cannot read properties of undefined (reading 'result')\n    at checkNewTickets (D:\\2025-2026\\Onboarding\\Odoo-Analysis-automation-week5\\automation\\src\\index.ts:48:30)\n    at processTicksAndRejections (node:internal/process/task_queues:103:5)","timestamp":"2026-03-19T03:06:03.946Z"}
{"level":"info","message":"Checking new tickets...","timestamp":"2026-03-19T03:07:02.542Z"}
{"level":"error","message":"Automation error Cannot read properties of undefined (reading 'result')","stack":"TypeError: Cannot read properties of undefined (reading 'result')\n    at Timeout.checkNewTickets [as _onTimeout] (D:\\2025-2026\\Onboarding\\Odoo-Analysis-automation-week5\\automation\\src\\index.ts:48:30)\n    at processTicksAndRejections (node:internal/process/task_queues:103:5)","timestamp":"2026-03-19T03:07:02.728Z"}
{"level":"info","message":"Automation started...","timestamp":"2026-03-19T03:10:32.299Z"}
{"level":"info","message":"Checking new tickets...","timestamp":"2026-03-19T03:10:32.302Z"}
{"level":"error","message":"Automation error Cannot read properties of undefined (reading 'result')","stack":"TypeError: Cannot read properties of undefined (reading 'result')\n    at checkNewTickets (D:\\2025-2026\\Onboarding\\Odoo-Analysis-automation-week5\\automation\\src\\index.ts:48:30)\n    at processTicksAndRejections (node:internal/process/task_queues:103:5)","timestamp":"2026-03-19T03:10:34.794Z"}
{"level":"info","message":"Automation started...","timestamp":"2026-03-19T03:12:37.754Z"}
{"level":"info","message":"Checking new tickets...","timestamp":"2026-03-19T03:12:37.757Z"}
{"level":"error","message":"Automation error tickets is not iterable","stack":"TypeError: tickets is not iterable\n    at checkNewTickets (D:\\2025-2026\\Onboarding\\Odoo-Analysis-automation-week5\\automation\\src\\index.ts:50:21)\n    at processTicksAndRejections (node:internal/process/task_queues:103:5)","timestamp":"2026-03-19T03:12:39.423Z"}
{"level":"info","message":"Automation started...","timestamp":"2026-03-19T03:13:57.685Z"}
{"level":"info","message":"Checking new tickets...","timestamp":"2026-03-19T03:13:57.687Z"}
{"level":"error","message":"Automation error tickets is not iterable","stack":"TypeError: tickets is not iterable\n    at checkNewTickets (D:\\2025-2026\\Onboarding\\Odoo-Analysis-automation-week5\\automation\\src\\index.ts:50:21)\n    at processTicksAndRejections (node:internal/process/task_queues:103:5)","timestamp":"2026-03-19T03:14:00.323Z"}
{"level":"info","message":"Checking new tickets...","timestamp":"2026-03-19T03:14:57.721Z"}
{"level":"error","message":"Automation error tickets is not iterable","stack":"TypeError: tickets is not iterable\n    at Timeout.checkNewTickets [as _onTimeout] (D:\\2025-2026\\Onboarding\\Odoo-Analysis-automation-week5\\automation\\src\\index.ts:50:21)\n    at processTicksAndRejections (node:internal/process/task_queues:103:5)","timestamp":"2026-03-19T03:14:57.891Z"}
{"level":"info","message":"Automation started...","timestamp":"2026-03-19T03:15:05.712Z"}
{"level":"info","message":"Checking new tickets...","timestamp":"2026-03-19T03:15:05.714Z"}
{"level":"error","message":"Automation error tickets is not iterable","stack":"TypeError: tickets is not iterable\n    at checkNewTickets (D:\\2025-2026\\Onboarding\\Odoo-Analysis-automation-week5\\automation\\src\\index.ts:50:21)\n    at processTicksAndRejections (node:internal/process/task_queues:103:5)","timestamp":"2026-03-19T03:15:08.380Z"}
{"level":"info","message":"Checking new tickets...","timestamp":"2026-03-19T03:16:05.751Z"}
{"level":"error","message":"Automation error tickets is not iterable","stack":"TypeError: tickets is not iterable\n    at Timeout.checkNewTickets [as _onTimeout] (D:\\2025-2026\\Onboarding\\Odoo-Analysis-automation-week5\\automation\\src\\index.ts:50:21)\n    at processTicksAndRejections (node:internal/process/task_queues:103:5)","timestamp":"2026-03-19T03:16:05.927Z"}
{"level":"info","message":"Checking new tickets...","timestamp":"2026-03-19T03:17:05.751Z"}
{"level":"error","message":"Automation error tickets is not iterable","stack":"TypeError: tickets is not iterable\n    at Timeout.checkNewTickets [as _onTimeout] (D:\\2025-2026\\Onboarding\\Odoo-Analysis-automation-week5\\automation\\src\\index.ts:50:21)\n    at processTicksAndRejections (node:internal/process/task_queues:103:5)","timestamp":"2026-03-19T03:17:05.940Z"}
{"level":"info","message":"Automation started...","timestamp":"2026-03-19T03:18:25.011Z"}
{"level":"info","message":"Checking new tickets...","timestamp":"2026-03-19T03:18:25.014Z"}
{"email":"director@mindx.edu.vn","id":9,"level":"info","message":"Processing ticket","subject":"Fixed Deadline - Báo cáo tuyển sinh cho Director (Deadline 09:00 sáng ngày kia)","timestamp":"2026-03-19T03:18:26.457Z"}
{"id":9,"level":"info","message":"Ticket processed successfully","timestamp":"2026-03-19T03:18:26.459Z"}
{"email":"cxo@mindx.edu.vn","id":3,"level":"info","message":"Processing ticket","subject":"EXPEDITE - Exam Submission System DOWN - 50+ students affected","timestamp":"2026-03-19T03:18:26.460Z"}
{"id":3,"level":"info","message":"Ticket processed successfully","timestamp":"2026-03-19T03:18:26.461Z"}
{"email":"","id":8,"level":"info","message":"Processing ticket","subject":"Lỗi video Advanced JavaScript - Ticket #00005-3","timestamp":"2026-03-19T03:18:26.461Z"}
{"id":8,"level":"info","message":"Ticket processed successfully","timestamp":"2026-03-19T03:18:26.462Z"}
{"email":"","id":7,"level":"info","message":"Processing ticket","subject":"Video lesson 3 không phát được -Ticket #00005-2","timestamp":"2026-03-19T03:18:26.463Z"}
{"id":7,"level":"info","message":"Ticket processed successfully","timestamp":"2026-03-19T03:18:26.464Z"}
{"email":"cxo@mindx.edu.vn","id":6,"level":"info","message":"Processing ticket","subject":"Không xem được video bài 3 - Advanced JS -Ticket #00005-1","timestamp":"2026-03-19T03:18:26.464Z"}
{"id":6,"level":"info","message":"Ticket processed successfully","timestamp":"2026-03-19T03:18:26.465Z"}
{"email":"cxo@mindx.edu.vn","id":5,"level":"info","message":"Processing ticket","subject":"Video playback issue - Lesson 3 (JS-ADV-HN-2412) - 12 users (Master)","timestamp":"2026-03-19T03:18:26.465Z"}
{"id":5,"level":"info","message":"Ticket processed successfully","timestamp":"2026-03-19T03:18:26.466Z"}
{"email":"coordinator.ha@mindx.edu.vn","id":2,"level":"info","message":"Processing ticket","subject":"LMS Performance Issue - Class WEB101-HN-2024 (15 users affected)","timestamp":"2026-03-19T03:18:26.467Z"}
{"level":"error","message":"Automation error Cannot read properties of undefined (reading 'length')","stack":"TypeError: Cannot read properties of undefined (reading 'length')\n    at OdooHRAdapter.findEmployeeByEmail (D:\\2025-2026\\Onboarding\\Odoo-Analysis-automation-week5\\automation\\src\\adapters\\secondary\\OdooHRAdapter.ts:15:17)\n    at processTicksAndRejections (node:internal/process/task_queues:103:5)\n    at async LoginAutomationService.processTicket (D:\\2025-2026\\Onboarding\\Odoo-Analysis-automation-week5\\automation\\src\\domain\\services\\LoginAutomationService.ts:31:22)\n    at async checkNewTickets (D:\\2025-2026\\Onboarding\\Odoo-Analysis-automation-week5\\automation\\src\\index.ts:66:7)","timestamp":"2026-03-19T03:18:26.547Z"}
{"level":"info","message":"Checking new tickets...","timestamp":"2026-03-19T03:19:25.045Z"}
{"id":9,"level":"info","message":"Ticket already processed","timestamp":"2026-03-19T03:19:25.351Z"}
{"id":3,"level":"info","message":"Ticket already processed","timestamp":"2026-03-19T03:19:25.353Z"}
{"id":8,"level":"info","message":"Ticket already processed","timestamp":"2026-03-19T03:19:25.353Z"}
{"id":7,"level":"info","message":"Ticket already processed","timestamp":"2026-03-19T03:19:25.354Z"}
{"id":6,"level":"info","message":"Ticket already processed","timestamp":"2026-03-19T03:19:25.354Z"}
{"id":5,"level":"info","message":"Ticket already processed","timestamp":"2026-03-19T03:19:25.355Z"}
{"email":"coordinator.ha@mindx.edu.vn","id":2,"level":"info","message":"Processing ticket","subject":"LMS Performance Issue - Class WEB101-HN-2024 (15 users affected)","timestamp":"2026-03-19T03:19:25.355Z"}
{"level":"error","message":"Automation error Cannot read properties of undefined (reading 'length')","stack":"TypeError: Cannot read properties of undefined (reading 'length')\n    at OdooHRAdapter.findEmployeeByEmail (D:\\2025-2026\\Onboarding\\Odoo-Analysis-automation-week5\\automation\\src\\adapters\\secondary\\OdooHRAdapter.ts:15:17)\n    at processTicksAndRejections (node:internal/process/task_queues:103:5)\n    at async LoginAutomationService.processTicket (D:\\2025-2026\\Onboarding\\Odoo-Analysis-automation-week5\\automation\\src\\domain\\services\\LoginAutomationService.ts:31:22)\n    at async Timeout.checkNewTickets [as _onTimeout] (D:\\2025-2026\\Onboarding\\Odoo-Analysis-automation-week5\\automation\\src\\index.ts:66:7)","timestamp":"2026-03-19T03:19:25.419Z"}
{"level":"info","message":"Automation started...","timestamp":"2026-03-19T03:20:13.669Z"}
{"level":"info","message":"Checking new tickets...","timestamp":"2026-03-19T03:20:13.672Z"}
{"id":9,"level":"info","message":"Ticket already processed","timestamp":"2026-03-19T03:20:15.457Z"}
{"id":3,"level":"info","message":"Ticket already processed","timestamp":"2026-03-19T03:20:15.458Z"}
{"id":8,"level":"info","message":"Ticket already processed","timestamp":"2026-03-19T03:20:15.458Z"}
{"id":7,"level":"info","message":"Ticket already processed","timestamp":"2026-03-19T03:20:15.459Z"}
{"id":6,"level":"info","message":"Ticket already processed","timestamp":"2026-03-19T03:20:15.459Z"}
{"id":5,"level":"info","message":"Ticket already processed","timestamp":"2026-03-19T03:20:15.459Z"}
{"email":"coordinator.ha@mindx.edu.vn","id":2,"level":"info","message":"Processing ticket","subject":"LMS Performance Issue - Class WEB101-HN-2024 (15 users affected)","timestamp":"2026-03-19T03:20:15.460Z"}
{"level":"error","message":"Automation error Cannot read properties of undefined (reading 'length')","stack":"TypeError: Cannot read properties of undefined (reading 'length')\n    at OdooHRAdapter.findEmployeeByEmail (D:\\2025-2026\\Onboarding\\Odoo-Analysis-automation-week5\\automation\\src\\adapters\\secondary\\OdooHRAdapter.ts:15:17)\n    at processTicksAndRejections (node:internal/process/task_queues:103:5)\n    at async LoginAutomationService.processTicket (D:\\2025-2026\\Onboarding\\Odoo-Analysis-automation-week5\\automation\\src\\domain\\services\\LoginAutomationService.ts:31:22)\n    at async checkNewTickets (D:\\2025-2026\\Onboarding\\Odoo-Analysis-automation-week5\\automation\\src\\index.ts:71:7)","timestamp":"2026-03-19T03:20:15.524Z"}
{"level":"info","message":"Checking new tickets...","timestamp":"2026-03-19T03:21:13.707Z"}
{"id":9,"level":"info","message":"Ticket already processed","timestamp":"2026-03-19T03:21:13.998Z"}
{"id":3,"level":"info","message":"Ticket already processed","timestamp":"2026-03-19T03:21:13.998Z"}
{"id":8,"level":"info","message":"Ticket already processed","timestamp":"2026-03-19T03:21:13.999Z"}
{"id":7,"level":"info","message":"Ticket already processed","timestamp":"2026-03-19T03:21:13.999Z"}
{"id":6,"level":"info","message":"Ticket already processed","timestamp":"2026-03-19T03:21:13.999Z"}
{"id":5,"level":"info","message":"Ticket already processed","timestamp":"2026-03-19T03:21:14.000Z"}
{"email":"coordinator.ha@mindx.edu.vn","id":2,"level":"info","message":"Processing ticket","subject":"LMS Performance Issue - Class WEB101-HN-2024 (15 users affected)","timestamp":"2026-03-19T03:21:14.000Z"}
{"level":"error","message":"Automation error Cannot read properties of undefined (reading 'length')","stack":"TypeError: Cannot read properties of undefined (reading 'length')\n    at OdooHRAdapter.findEmployeeByEmail (D:\\2025-2026\\Onboarding\\Odoo-Analysis-automation-week5\\automation\\src\\adapters\\secondary\\OdooHRAdapter.ts:15:17)\n    at processTicksAndRejections (node:internal/process/task_queues:103:5)\n    at async LoginAutomationService.processTicket (D:\\2025-2026\\Onboarding\\Odoo-Analysis-automation-week5\\automation\\src\\domain\\services\\LoginAutomationService.ts:31:22)\n    at async Timeout.checkNewTickets [as _onTimeout] (D:\\2025-2026\\Onboarding\\Odoo-Analysis-automation-week5\\automation\\src\\index.ts:71:7)","timestamp":"2026-03-19T03:21:14.070Z"}
{"level":"info","message":"Automation started...","timestamp":"2026-03-19T03:21:39.925Z"}
{"level":"info","message":"Checking new tickets...","timestamp":"2026-03-19T03:21:39.928Z"}
{"id":9,"level":"info","message":"Ticket already processed","timestamp":"2026-03-19T03:21:41.614Z"}
{"id":3,"level":"info","message":"Ticket already processed","timestamp":"2026-03-19T03:21:41.614Z"}
{"id":8,"level":"info","message":"Ticket already processed","timestamp":"2026-03-19T03:21:41.615Z"}
{"id":7,"level":"info","message":"Ticket already processed","timestamp":"2026-03-19T03:21:41.616Z"}
{"id":6,"level":"info","message":"Ticket already processed","timestamp":"2026-03-19T03:21:41.616Z"}
{"id":5,"level":"info","message":"Ticket already processed","timestamp":"2026-03-19T03:21:41.616Z"}
{"email":"coordinator.ha@mindx.edu.vn","id":2,"level":"info","message":"Processing ticket","subject":"LMS Performance Issue - Class WEB101-HN-2024 (15 users affected)","timestamp":"2026-03-19T03:21:41.617Z"}
{"level":"error","message":"Automation error Cannot read properties of undefined (reading 'length')","stack":"TypeError: Cannot read properties of undefined (reading 'length')\n    at OdooHRAdapter.findEmployeeByEmail (D:\\2025-2026\\Onboarding\\Odoo-Analysis-automation-week5\\automation\\src\\adapters\\secondary\\OdooHRAdapter.ts:15:17)\n    at processTicksAndRejections (node:internal/process/task_queues:103:5)\n    at async LoginAutomationService.processTicket (D:\\2025-2026\\Onboarding\\Odoo-Analysis-automation-week5\\automation\\src\\domain\\services\\LoginAutomationService.ts:31:22)\n    at async checkNewTickets (D:\\2025-2026\\Onboarding\\Odoo-Analysis-automation-week5\\automation\\src\\index.ts:71:7)","timestamp":"2026-03-19T03:21:41.680Z"}
{"level":"info","message":"Checking new tickets...","timestamp":"2026-03-19T03:22:39.966Z"}
{"id":9,"level":"info","message":"Ticket already processed","timestamp":"2026-03-19T03:22:41.704Z"}
{"id":3,"level":"info","message":"Ticket already processed","timestamp":"2026-03-19T03:22:41.705Z"}
{"id":8,"level":"info","message":"Ticket already processed","timestamp":"2026-03-19T03:22:41.705Z"}
{"id":7,"level":"info","message":"Ticket already processed","timestamp":"2026-03-19T03:22:41.705Z"}
{"id":6,"level":"info","message":"Ticket already processed","timestamp":"2026-03-19T03:22:41.706Z"}
{"id":5,"level":"info","message":"Ticket already processed","timestamp":"2026-03-19T03:22:41.706Z"}
{"email":"coordinator.ha@mindx.edu.vn","id":2,"level":"info","message":"Processing ticket","subject":"LMS Performance Issue - Class WEB101-HN-2024 (15 users affected)","timestamp":"2026-03-19T03:22:41.706Z"}
{"level":"error","message":"Automation error Cannot read properties of undefined (reading 'length')","stack":"TypeError: Cannot read properties of undefined (reading 'length')\n    at OdooHRAdapter.findEmployeeByEmail (D:\\2025-2026\\Onboarding\\Odoo-Analysis-automation-week5\\automation\\src\\adapters\\secondary\\OdooHRAdapter.ts:15:17)\n    at processTicksAndRejections (node:internal/process/task_queues:103:5)\n    at async LoginAutomationService.processTicket (D:\\2025-2026\\Onboarding\\Odoo-Analysis-automation-week5\\automation\\src\\domain\\services\\LoginAutomationService.ts:31:22)\n    at async Timeout.checkNewTickets [as _onTimeout] (D:\\2025-2026\\Onboarding\\Odoo-Analysis-automation-week5\\automation\\src\\index.ts:71:7)","timestamp":"2026-03-19T03:22:41.769Z"}
{"level":"info","message":"Automation started...","timestamp":"2026-03-19T03:23:56.024Z"}
{"level":"info","message":"Checking new tickets...","timestamp":"2026-03-19T03:23:56.026Z"}
{"id":9,"level":"info","message":"Ticket already processed","timestamp":"2026-03-19T03:23:59.005Z"}
{"id":3,"level":"info","message":"Ticket already processed","timestamp":"2026-03-19T03:23:59.006Z"}
{"id":8,"level":"info","message":"Ticket already processed","timestamp":"2026-03-19T03:23:59.006Z"}
{"id":7,"level":"info","message":"Ticket already processed","timestamp":"2026-03-19T03:23:59.006Z"}
{"id":6,"level":"info","message":"Ticket already processed","timestamp":"2026-03-19T03:23:59.007Z"}
{"id":5,"level":"info","message":"Ticket already processed","timestamp":"2026-03-19T03:23:59.007Z"}
{"email":"coordinator.ha@mindx.edu.vn","id":2,"level":"info","message":"Processing ticket","subject":"LMS Performance Issue - Class WEB101-HN-2024 (15 users affected)","timestamp":"2026-03-19T03:23:59.007Z"}
{"level":"error","message":"Automation error Cannot read properties of undefined (reading 'length')","stack":"TypeError: Cannot read properties of undefined (reading 'length')\n    at OdooHRAdapter.findEmployeeByEmail (D:\\2025-2026\\Onboarding\\Odoo-Analysis-automation-week5\\automation\\src\\adapters\\secondary\\OdooHRAdapter.ts:15:17)\n    at processTicksAndRejections (node:internal/process/task_queues:103:5)\n    at async LoginAutomationService.processTicket (D:\\2025-2026\\Onboarding\\Odoo-Analysis-automation-week5\\automation\\src\\domain\\services\\LoginAutomationService.ts:31:22)\n    at async checkNewTickets (D:\\2025-2026\\Onboarding\\Odoo-Analysis-automation-week5\\automation\\src\\index.ts:71:7)","timestamp":"2026-03-19T03:23:59.073Z"}
{"level":"info","message":"Automation started...","timestamp":"2026-03-19T03:27:41.351Z"}
{"level":"info","message":"Checking new tickets...","timestamp":"2026-03-19T03:27:41.353Z"}
{"id":9,"level":"info","message":"Ticket already processed","timestamp":"2026-03-19T03:27:42.913Z"}
{"id":3,"level":"info","message":"Ticket already processed","timestamp":"2026-03-19T03:27:42.914Z"}
{"id":8,"level":"info","message":"Ticket already processed","timestamp":"2026-03-19T03:27:42.915Z"}
{"id":7,"level":"info","message":"Ticket already processed","timestamp":"2026-03-19T03:27:42.915Z"}
{"id":6,"level":"info","message":"Ticket already processed","timestamp":"2026-03-19T03:27:42.915Z"}
{"id":5,"level":"info","message":"Ticket already processed","timestamp":"2026-03-19T03:27:42.916Z"}
{"email":"coordinator.ha@mindx.edu.vn","id":2,"level":"info","message":"Processing ticket","subject":"LMS Performance Issue - Class WEB101-HN-2024 (15 users affected)","timestamp":"2026-03-19T03:27:42.916Z"}
{"id":2,"level":"info","message":"Login issue detected","timestamp":"2026-03-19T03:27:42.917Z"}
{"code":"ERR_INVALID_URL","input":"undefined/reactivate","level":"error","message":"Automation error Invalid URL","stack":"TypeError: Invalid URL\n    at new URL (node:internal/url:828:25)\n    at dispatchHttpRequest (D:\\2025-2026\\Onboarding\\Odoo-Analysis-automation-week5\\automation\\node_modules\\axios\\lib\\adapters\\http.js:424:22)\n    at D:\\2025-2026\\Onboarding\\Odoo-Analysis-automation-week5\\automation\\node_modules\\axios\\lib\\adapters\\http.js:261:5\n    at new Promise (<anonymous>)\n    at wrapAsync (D:\\2025-2026\\Onboarding\\Odoo-Analysis-automation-week5\\automation\\node_modules\\axios\\lib\\adapters\\http.js:241:10)\n    at http (D:\\2025-2026\\Onboarding\\Odoo-Analysis-automation-week5\\automation\\node_modules\\axios\\lib\\adapters\\http.js:329:12)\n    at Axios.dispatchRequest (D:\\2025-2026\\Onboarding\\Odoo-Analysis-automation-week5\\automation\\node_modules\\axios\\lib\\core\\dispatchRequest.js:48:10)\n    at Axios._request (D:\\2025-2026\\Onboarding\\Odoo-Analysis-automation-week5\\automation\\node_modules\\axios\\lib\\core\\Axios.js:202:33)\n    at Axios.request (D:\\2025-2026\\Onboarding\\Odoo-Analysis-automation-week5\\automation\\node_modules\\axios\\lib\\core\\Axios.js:41:25)\n    at Axios.httpMethod [as post] (D:\\2025-2026\\Onboarding\\Odoo-Analysis-automation-week5\\automation\\node_modules\\axios\\lib\\core\\Axios.js:243:19)\n    at Axios.request (D:\\2025-2026\\Onboarding\\Odoo-Analysis-automation-week5\\automation\\node_modules\\axios\\lib\\core\\Axios.js:46:41)\n    at processTicksAndRejections (node:internal/process/task_queues:103:5)\n    at async LMSAdapter.reactivateAccount (D:\\2025-2026\\Onboarding\\Odoo-Analysis-automation-week5\\automation\\src\\adapters\\secondary\\LMSAdapter.ts:8:5)\n    at async LoginAutomationService.processTicket (D:\\2025-2026\\Onboarding\\Odoo-Analysis-automation-week5\\automation\\src\\domain\\services\\LoginAutomationService.ts:33:5)\n    at async checkNewTickets (D:\\2025-2026\\Onboarding\\Odoo-Analysis-automation-week5\\automation\\src\\index.ts:71:7)","timestamp":"2026-03-19T03:27:42.934Z"}
{"level":"info","message":"Checking new tickets...","timestamp":"2026-03-19T03:28:41.389Z"}
{"id":9,"level":"info","message":"Ticket already processed","timestamp":"2026-03-19T03:28:41.615Z"}
{"id":3,"level":"info","message":"Ticket already processed","timestamp":"2026-03-19T03:28:41.616Z"}
{"id":8,"level":"info","message":"Ticket already processed","timestamp":"2026-03-19T03:28:41.617Z"}
{"id":7,"level":"info","message":"Ticket already processed","timestamp":"2026-03-19T03:28:41.617Z"}
{"id":6,"level":"info","message":"Ticket already processed","timestamp":"2026-03-19T03:28:41.618Z"}
{"id":5,"level":"info","message":"Ticket already processed","timestamp":"2026-03-19T03:28:41.618Z"}
{"email":"coordinator.ha@mindx.edu.vn","id":2,"level":"info","message":"Processing ticket","subject":"LMS Performance Issue - Class WEB101-HN-2024 (15 users affected)","timestamp":"2026-03-19T03:28:41.618Z"}
{"id":2,"level":"info","message":"Login issue detected","timestamp":"2026-03-19T03:28:41.619Z"}
{"code":"ERR_INVALID_URL","input":"undefined/reactivate","level":"error","message":"Automation error Invalid URL","stack":"TypeError: Invalid URL\n    at new URL (node:internal/url:828:25)\n    at dispatchHttpRequest (D:\\2025-2026\\Onboarding\\Odoo-Analysis-automation-week5\\automation\\node_modules\\axios\\lib\\adapters\\http.js:424:22)\n    at D:\\2025-2026\\Onboarding\\Odoo-Analysis-automation-week5\\automation\\node_modules\\axios\\lib\\adapters\\http.js:261:5\n    at new Promise (<anonymous>)\n    at wrapAsync (D:\\2025-2026\\Onboarding\\Odoo-Analysis-automation-week5\\automation\\node_modules\\axios\\lib\\adapters\\http.js:241:10)\n    at http (D:\\2025-2026\\Onboarding\\Odoo-Analysis-automation-week5\\automation\\node_modules\\axios\\lib\\adapters\\http.js:329:12)\n    at Axios.dispatchRequest (D:\\2025-2026\\Onboarding\\Odoo-Analysis-automation-week5\\automation\\node_modules\\axios\\lib\\core\\dispatchRequest.js:48:10)\n    at Axios._request (D:\\2025-2026\\Onboarding\\Odoo-Analysis-automation-week5\\automation\\node_modules\\axios\\lib\\core\\Axios.js:202:33)\n    at Axios.request (D:\\2025-2026\\Onboarding\\Odoo-Analysis-automation-week5\\automation\\node_modules\\axios\\lib\\core\\Axios.js:41:25)\n    at Axios.httpMethod [as post] (D:\\2025-2026\\Onboarding\\Odoo-Analysis-automation-week5\\automation\\node_modules\\axios\\lib\\core\\Axios.js:243:19)\n    at Axios.request (D:\\2025-2026\\Onboarding\\Odoo-Analysis-automation-week5\\automation\\node_modules\\axios\\lib\\core\\Axios.js:46:41)\n    at processTicksAndRejections (node:internal/process/task_queues:103:5)\n    at async LMSAdapter.reactivateAccount (D:\\2025-2026\\Onboarding\\Odoo-Analysis-automation-week5\\automation\\src\\adapters\\secondary\\LMSAdapter.ts:8:5)\n    at async LoginAutomationService.processTicket (D:\\2025-2026\\Onboarding\\Odoo-Analysis-automation-week5\\automation\\src\\domain\\services\\LoginAutomationService.ts:33:5)\n    at async Timeout.checkNewTickets [as _onTimeout] (D:\\2025-2026\\Onboarding\\Odoo-Analysis-automation-week5\\automation\\src\\index.ts:71:7)","timestamp":"2026-03-19T03:28:41.621Z"}
{"level":"info","message":"Automation started...","timestamp":"2026-03-19T03:30:19.059Z"}
{"level":"info","message":"Checking new tickets...","timestamp":"2026-03-19T03:30:19.062Z"}
{"level":"error","message":"Odoo did not return tickets","timestamp":"2026-03-19T03:30:20.481Z"}
{"level":"info","message":"Checking new tickets...","timestamp":"2026-03-19T03:31:19.091Z"}
{"level":"error","message":"Odoo did not return tickets","timestamp":"2026-03-19T03:31:19.295Z"}
{"level":"info","message":"Checking new tickets...","timestamp":"2026-03-19T03:32:19.092Z"}
{"level":"error","message":"Odoo did not return tickets","timestamp":"2026-03-19T03:32:20.940Z"}
{"level":"info","message":"Automation started...","timestamp":"2026-03-19T03:33:09.650Z"}
{"level":"info","message":"Checking new tickets...","timestamp":"2026-03-19T03:33:09.652Z"}
{"level":"info","message":"Automation started...","timestamp":"2026-03-19T03:34:58.619Z"}
{"level":"info","message":"Checking new tickets...","timestamp":"2026-03-19T03:34:58.621Z"}
{"email":"nguyen.van.a@mindx.edu.vn","id":1,"level":"info","message":"Processing ticket","subject":"Giáo viên Nguyễn Văn A không thể đăng nhập LMS - Invalid password error","timestamp":"2026-03-19T03:35:00.372Z"}
{"id":1,"level":"info","message":"Login issue detected","timestamp":"2026-03-19T03:35:00.373Z"}
{"code":"ERR_INVALID_URL","input":"undefined/reactivate","level":"error","message":"Automation error Invalid URL","stack":"TypeError: Invalid URL\n    at new URL (node:internal/url:828:25)\n    at dispatchHttpRequest (D:\\2025-2026\\Onboarding\\Odoo-Analysis-automation-week5\\automation\\node_modules\\axios\\lib\\adapters\\http.js:424:22)\n    at D:\\2025-2026\\Onboarding\\Odoo-Analysis-automation-week5\\automation\\node_modules\\axios\\lib\\adapters\\http.js:261:5\n    at new Promise (<anonymous>)\n    at wrapAsync (D:\\2025-2026\\Onboarding\\Odoo-Analysis-automation-week5\\automation\\node_modules\\axios\\lib\\adapters\\http.js:241:10)\n    at http (D:\\2025-2026\\Onboarding\\Odoo-Analysis-automation-week5\\automation\\node_modules\\axios\\lib\\adapters\\http.js:329:12)\n    at Axios.dispatchRequest (D:\\2025-2026\\Onboarding\\Odoo-Analysis-automation-week5\\automation\\node_modules\\axios\\lib\\core\\dispatchRequest.js:48:10)\n    at Axios._request (D:\\2025-2026\\Onboarding\\Odoo-Analysis-automation-week5\\automation\\node_modules\\axios\\lib\\core\\Axios.js:202:33)\n    at Axios.request (D:\\2025-2026\\Onboarding\\Odoo-Analysis-automation-week5\\automation\\node_modules\\axios\\lib\\core\\Axios.js:41:25)\n    at Axios.httpMethod [as post] (D:\\2025-2026\\Onboarding\\Odoo-Analysis-automation-week5\\automation\\node_modules\\axios\\lib\\core\\Axios.js:243:19)\n    at Axios.request (D:\\2025-2026\\Onboarding\\Odoo-Analysis-automation-week5\\automation\\node_modules\\axios\\lib\\core\\Axios.js:46:41)\n    at processTicksAndRejections (node:internal/process/task_queues:103:5)\n    at async LMSAdapter.reactivateAccount (D:\\2025-2026\\Onboarding\\Odoo-Analysis-automation-week5\\automation\\src\\adapters\\secondary\\LMSAdapter.ts:8:5)\n    at async LoginAutomationService.processTicket (D:\\2025-2026\\Onboarding\\Odoo-Analysis-automation-week5\\automation\\src\\domain\\services\\LoginAutomationService.ts:33:5)\n    at async checkNewTickets (D:\\2025-2026\\Onboarding\\Odoo-Analysis-automation-week5\\automation\\src\\index.ts:86:7)","timestamp":"2026-03-19T03:35:00.389Z"}
{"level":"info","message":"Checking new tickets...","timestamp":"2026-03-19T03:35:58.662Z"}
{"email":"nguyen.van.a@mindx.edu.vn","id":1,"level":"info","message":"Processing ticket","subject":"Giáo viên Nguyễn Văn A không thể đăng nhập LMS - Invalid password error","timestamp":"2026-03-19T03:35:58.838Z"}
{"id":1,"level":"info","message":"Login issue detected","timestamp":"2026-03-19T03:35:58.839Z"}
{"code":"ERR_INVALID_URL","input":"undefined/reactivate","level":"error","message":"Automation error Invalid URL","stack":"TypeError: Invalid URL\n    at new URL (node:internal/url:828:25)\n    at dispatchHttpRequest (D:\\2025-2026\\Onboarding\\Odoo-Analysis-automation-week5\\automation\\node_modules\\axios\\lib\\adapters\\http.js:424:22)\n    at D:\\2025-2026\\Onboarding\\Odoo-Analysis-automation-week5\\automation\\node_modules\\axios\\lib\\adapters\\http.js:261:5\n    at new Promise (<anonymous>)\n    at wrapAsync (D:\\2025-2026\\Onboarding\\Odoo-Analysis-automation-week5\\automation\\node_modules\\axios\\lib\\adapters\\http.js:241:10)\n    at http (D:\\2025-2026\\Onboarding\\Odoo-Analysis-automation-week5\\automation\\node_modules\\axios\\lib\\adapters\\http.js:329:12)\n    at Axios.dispatchRequest (D:\\2025-2026\\Onboarding\\Odoo-Analysis-automation-week5\\automation\\node_modules\\axios\\lib\\core\\dispatchRequest.js:48:10)\n    at Axios._request (D:\\2025-2026\\Onboarding\\Odoo-Analysis-automation-week5\\automation\\node_modules\\axios\\lib\\core\\Axios.js:202:33)\n    at Axios.request (D:\\2025-2026\\Onboarding\\Odoo-Analysis-automation-week5\\automation\\node_modules\\axios\\lib\\core\\Axios.js:41:25)\n    at Axios.httpMethod [as post] (D:\\2025-2026\\Onboarding\\Odoo-Analysis-automation-week5\\automation\\node_modules\\axios\\lib\\core\\Axios.js:243:19)\n    at Axios.request (D:\\2025-2026\\Onboarding\\Odoo-Analysis-automation-week5\\automation\\node_modules\\axios\\lib\\core\\Axios.js:46:41)\n    at processTicksAndRejections (node:internal/process/task_queues:103:5)\n    at async LMSAdapter.reactivateAccount (D:\\2025-2026\\Onboarding\\Odoo-Analysis-automation-week5\\automation\\src\\adapters\\secondary\\LMSAdapter.ts:8:5)\n    at async LoginAutomationService.processTicket (D:\\2025-2026\\Onboarding\\Odoo-Analysis-automation-week5\\automation\\src\\domain\\services\\LoginAutomationService.ts:33:5)\n    at async Timeout.checkNewTickets [as _onTimeout] (D:\\2025-2026\\Onboarding\\Odoo-Analysis-automation-week5\\automation\\src\\index.ts:86:7)","timestamp":"2026-03-19T03:35:58.841Z"}
{"level":"info","message":"Automation started...","timestamp":"2026-03-19T03:40:13.752Z"}
{"level":"info","message":"Checking new tickets...","timestamp":"2026-03-19T03:40:13.755Z"}
{"id":9,"level":"info","message":"Ticket already processed","timestamp":"2026-03-19T03:40:16.515Z"}
{"id":8,"level":"info","message":"Ticket already processed","timestamp":"2026-03-19T03:40:16.515Z"}
{"id":7,"level":"info","message":"Ticket already processed","timestamp":"2026-03-19T03:40:16.516Z"}
{"id":6,"level":"info","message":"Ticket already processed","timestamp":"2026-03-19T03:40:16.516Z"}
{"id":5,"level":"info","message":"Ticket already processed","timestamp":"2026-03-19T03:40:16.517Z"}
{"email":"cxo@company.com","id":4,"level":"info","message":"Processing ticket","subject":"Feature Request - Auto PDF Progress Report + Email to Parents","timestamp":"2026-03-19T03:40:16.518Z"}
{"id":4,"level":"info","message":"Ticket processed successfully","timestamp":"2026-03-19T03:40:16.519Z"}
{"id":3,"level":"info","message":"Ticket already processed","timestamp":"2026-03-19T03:40:16.520Z"}
{"email":"coordinator.ha@mindx.edu.vn","id":2,"level":"info","message":"Processing ticket","subject":"LMS Performance Issue - Class WEB101-HN-2024 (15 users affected)","timestamp":"2026-03-19T03:40:16.520Z"}
{"id":2,"level":"info","message":"Ticket processed successfully","timestamp":"2026-03-19T03:40:16.522Z"}
{"email":"nguyen.van.a@mindx.edu.vn","id":1,"level":"info","message":"Processing ticket","subject":"Giáo viên Nguyễn Văn A không thể đăng nhập LMS - Invalid password error","timestamp":"2026-03-19T03:40:16.522Z"}
{"id":1,"level":"info","message":"Login issue detected","timestamp":"2026-03-19T03:40:16.523Z"}
{"code":"ERR_INVALID_URL","input":"undefined/reactivate","level":"error","message":"Automation error Invalid URL","stack":"TypeError: Invalid URL\n    at new URL (node:internal/url:828:25)\n    at dispatchHttpRequest (D:\\2025-2026\\Onboarding\\Odoo-Analysis-automation-week5\\automation\\node_modules\\axios\\lib\\adapters\\http.js:424:22)\n    at D:\\2025-2026\\Onboarding\\Odoo-Analysis-automation-week5\\automation\\node_modules\\axios\\lib\\adapters\\http.js:261:5\n    at new Promise (<anonymous>)\n    at wrapAsync (D:\\2025-2026\\Onboarding\\Odoo-Analysis-automation-week5\\automation\\node_modules\\axios\\lib\\adapters\\http.js:241:10)\n    at http (D:\\2025-2026\\Onboarding\\Odoo-Analysis-automation-week5\\automation\\node_modules\\axios\\lib\\adapters\\http.js:329:12)\n    at Axios.dispatchRequest (D:\\2025-2026\\Onboarding\\Odoo-Analysis-automation-week5\\automation\\node_modules\\axios\\lib\\core\\dispatchRequest.js:48:10)\n    at Axios._request (D:\\2025-2026\\Onboarding\\Odoo-Analysis-automation-week5\\automation\\node_modules\\axios\\lib\\core\\Axios.js:202:33)\n    at Axios.request (D:\\2025-2026\\Onboarding\\Odoo-Analysis-automation-week5\\automation\\node_modules\\axios\\lib\\core\\Axios.js:41:25)\n    at Axios.httpMethod [as post] (D:\\2025-2026\\Onboarding\\Odoo-Analysis-automation-week5\\automation\\node_modules\\axios\\lib\\core\\Axios.js:243:19)\n    at Axios.request (D:\\2025-2026\\Onboarding\\Odoo-Analysis-automation-week5\\automation\\node_modules\\axios\\lib\\core\\Axios.js:46:41)\n    at processTicksAndRejections (node:internal/process/task_queues:103:5)\n    at async LMSAdapter.reactivateAccount (D:\\2025-2026\\Onboarding\\Odoo-Analysis-automation-week5\\automation\\src\\adapters\\secondary\\LMSAdapter.ts:8:5)\n    at async LoginAutomationService.processTicket (D:\\2025-2026\\Onboarding\\Odoo-Analysis-automation-week5\\automation\\src\\domain\\services\\LoginAutomationService.ts:33:5)\n    at async checkNewTickets (D:\\2025-2026\\Onboarding\\Odoo-Analysis-automation-week5\\automation\\src\\index.ts:73:7)","timestamp":"2026-03-19T03:40:16.536Z"}
{"level":"info","message":"Automation started...","timestamp":"2026-03-19T03:40:46.532Z"}
{"level":"info","message":"Checking new tickets...","timestamp":"2026-03-19T03:40:46.535Z"}
{"email":"nguyen.van.a@mindx.edu.vn","id":1,"level":"info","message":"Processing ticket","subject":"Giáo viên Nguyễn Văn A không thể đăng nhập LMS - Invalid password error","timestamp":"2026-03-19T03:40:47.943Z"}
{"id":1,"level":"info","message":"Login issue detected","timestamp":"2026-03-19T03:40:47.944Z"}
{"code":"ERR_INVALID_URL","input":"undefined/reactivate","level":"error","message":"Automation error Invalid URL","stack":"TypeError: Invalid URL\n    at new URL (node:internal/url:828:25)\n    at dispatchHttpRequest (D:\\2025-2026\\Onboarding\\Odoo-Analysis-automation-week5\\automation\\node_modules\\axios\\lib\\adapters\\http.js:424:22)\n    at D:\\2025-2026\\Onboarding\\Odoo-Analysis-automation-week5\\automation\\node_modules\\axios\\lib\\adapters\\http.js:261:5\n    at new Promise (<anonymous>)\n    at wrapAsync (D:\\2025-2026\\Onboarding\\Odoo-Analysis-automation-week5\\automation\\node_modules\\axios\\lib\\adapters\\http.js:241:10)\n    at http (D:\\2025-2026\\Onboarding\\Odoo-Analysis-automation-week5\\automation\\node_modules\\axios\\lib\\adapters\\http.js:329:12)\n    at Axios.dispatchRequest (D:\\2025-2026\\Onboarding\\Odoo-Analysis-automation-week5\\automation\\node_modules\\axios\\lib\\core\\dispatchRequest.js:48:10)\n    at Axios._request (D:\\2025-2026\\Onboarding\\Odoo-Analysis-automation-week5\\automation\\node_modules\\axios\\lib\\core\\Axios.js:202:33)\n    at Axios.request (D:\\2025-2026\\Onboarding\\Odoo-Analysis-automation-week5\\automation\\node_modules\\axios\\lib\\core\\Axios.js:41:25)\n    at Axios.httpMethod [as post] (D:\\2025-2026\\Onboarding\\Odoo-Analysis-automation-week5\\automation\\node_modules\\axios\\lib\\core\\Axios.js:243:19)\n    at Axios.request (D:\\2025-2026\\Onboarding\\Odoo-Analysis-automation-week5\\automation\\node_modules\\axios\\lib\\core\\Axios.js:46:41)\n    at processTicksAndRejections (node:internal/process/task_queues:103:5)\n    at async LMSAdapter.reactivateAccount (D:\\2025-2026\\Onboarding\\Odoo-Analysis-automation-week5\\automation\\src\\adapters\\secondary\\LMSAdapter.ts:8:5)\n    at async LoginAutomationService.processTicket (D:\\2025-2026\\Onboarding\\Odoo-Analysis-automation-week5\\automation\\src\\domain\\services\\LoginAutomationService.ts:33:5)\n    at async checkNewTickets (D:\\2025-2026\\Onboarding\\Odoo-Analysis-automation-week5\\automation\\src\\index.ts:86:7)","timestamp":"2026-03-19T03:40:47.957Z"}
{"level":"info","message":"Checking new tickets...","timestamp":"2026-03-19T03:41:46.574Z"}
{"email":"nguyen.van.a@mindx.edu.vn","id":1,"level":"info","message":"Processing ticket","subject":"Giáo viên Nguyễn Văn A không thể đăng nhập LMS - Invalid password error","timestamp":"2026-03-19T03:41:46.750Z"}
{"id":1,"level":"info","message":"Login issue detected","timestamp":"2026-03-19T03:41:46.751Z"}
{"code":"ERR_INVALID_URL","input":"undefined/reactivate","level":"error","message":"Automation error Invalid URL","stack":"TypeError: Invalid URL\n    at new URL (node:internal/url:828:25)\n    at dispatchHttpRequest (D:\\2025-2026\\Onboarding\\Odoo-Analysis-automation-week5\\automation\\node_modules\\axios\\lib\\adapters\\http.js:424:22)\n    at D:\\2025-2026\\Onboarding\\Odoo-Analysis-automation-week5\\automation\\node_modules\\axios\\lib\\adapters\\http.js:261:5\n    at new Promise (<anonymous>)\n    at wrapAsync (D:\\2025-2026\\Onboarding\\Odoo-Analysis-automation-week5\\automation\\node_modules\\axios\\lib\\adapters\\http.js:241:10)\n    at http (D:\\2025-2026\\Onboarding\\Odoo-Analysis-automation-week5\\automation\\node_modules\\axios\\lib\\adapters\\http.js:329:12)\n    at Axios.dispatchRequest (D:\\2025-2026\\Onboarding\\Odoo-Analysis-automation-week5\\automation\\node_modules\\axios\\lib\\core\\dispatchRequest.js:48:10)\n    at Axios._request (D:\\2025-2026\\Onboarding\\Odoo-Analysis-automation-week5\\automation\\node_modules\\axios\\lib\\core\\Axios.js:202:33)\n    at Axios.request (D:\\2025-2026\\Onboarding\\Odoo-Analysis-automation-week5\\automation\\node_modules\\axios\\lib\\core\\Axios.js:41:25)\n    at Axios.httpMethod [as post] (D:\\2025-2026\\Onboarding\\Odoo-Analysis-automation-week5\\automation\\node_modules\\axios\\lib\\core\\Axios.js:243:19)\n    at Axios.request (D:\\2025-2026\\Onboarding\\Odoo-Analysis-automation-week5\\automation\\node_modules\\axios\\lib\\core\\Axios.js:46:41)\n    at processTicksAndRejections (node:internal/process/task_queues:103:5)\n    at async LMSAdapter.reactivateAccount (D:\\2025-2026\\Onboarding\\Odoo-Analysis-automation-week5\\automation\\src\\adapters\\secondary\\LMSAdapter.ts:8:5)\n    at async LoginAutomationService.processTicket (D:\\2025-2026\\Onboarding\\Odoo-Analysis-automation-week5\\automation\\src\\domain\\services\\LoginAutomationService.ts:33:5)\n    at async Timeout.checkNewTickets [as _onTimeout] (D:\\2025-2026\\Onboarding\\Odoo-Analysis-automation-week5\\automation\\src\\index.ts:86:7)","timestamp":"2026-03-19T03:41:46.752Z"}
{"level":"info","message":"Checking new tickets...","timestamp":"2026-03-19T03:42:46.577Z"}
{"email":"nguyen.van.a@mindx.edu.vn","id":1,"level":"info","message":"Processing ticket","subject":"Giáo viên Nguyễn Văn A không thể đăng nhập LMS - Invalid password error","timestamp":"2026-03-19T03:42:46.753Z"}
{"id":1,"level":"info","message":"Login issue detected","timestamp":"2026-03-19T03:42:46.753Z"}
{"code":"ERR_INVALID_URL","input":"undefined/reactivate","level":"error","message":"Automation error Invalid URL","stack":"TypeError: Invalid URL\n    at new URL (node:internal/url:828:25)\n    at dispatchHttpRequest (D:\\2025-2026\\Onboarding\\Odoo-Analysis-automation-week5\\automation\\node_modules\\axios\\lib\\adapters\\http.js:424:22)\n    at D:\\2025-2026\\Onboarding\\Odoo-Analysis-automation-week5\\automation\\node_modules\\axios\\lib\\adapters\\http.js:261:5\n    at new Promise (<anonymous>)\n    at wrapAsync (D:\\2025-2026\\Onboarding\\Odoo-Analysis-automation-week5\\automation\\node_modules\\axios\\lib\\adapters\\http.js:241:10)\n    at http (D:\\2025-2026\\Onboarding\\Odoo-Analysis-automation-week5\\automation\\node_modules\\axios\\lib\\adapters\\http.js:329:12)\n    at Axios.dispatchRequest (D:\\2025-2026\\Onboarding\\Odoo-Analysis-automation-week5\\automation\\node_modules\\axios\\lib\\core\\dispatchRequest.js:48:10)\n    at Axios._request (D:\\2025-2026\\Onboarding\\Odoo-Analysis-automation-week5\\automation\\node_modules\\axios\\lib\\core\\Axios.js:202:33)\n    at Axios.request (D:\\2025-2026\\Onboarding\\Odoo-Analysis-automation-week5\\automation\\node_modules\\axios\\lib\\core\\Axios.js:41:25)\n    at Axios.httpMethod [as post] (D:\\2025-2026\\Onboarding\\Odoo-Analysis-automation-week5\\automation\\node_modules\\axios\\lib\\core\\Axios.js:243:19)\n    at Axios.request (D:\\2025-2026\\Onboarding\\Odoo-Analysis-automation-week5\\automation\\node_modules\\axios\\lib\\core\\Axios.js:46:41)\n    at processTicksAndRejections (node:internal/process/task_queues:103:5)\n    at async LMSAdapter.reactivateAccount (D:\\2025-2026\\Onboarding\\Odoo-Analysis-automation-week5\\automation\\src\\adapters\\secondary\\LMSAdapter.ts:8:5)\n    at async LoginAutomationService.processTicket (D:\\2025-2026\\Onboarding\\Odoo-Analysis-automation-week5\\automation\\src\\domain\\services\\LoginAutomationService.ts:33:5)\n    at async Timeout.checkNewTickets [as _onTimeout] (D:\\2025-2026\\Onboarding\\Odoo-Analysis-automation-week5\\automation\\src\\index.ts:86:7)","timestamp":"2026-03-19T03:42:46.754Z"}
{"level":"info","message":"Automation started...","timestamp":"2026-03-19T03:43:10.716Z"}
{"level":"info","message":"Checking new tickets...","timestamp":"2026-03-19T03:43:10.718Z"}
{"email":"nguyen.van.a@mindx.edu.vn","id":1,"level":"info","message":"Processing ticket","subject":"Giáo viên Nguyễn Văn A không thể đăng nhập LMS - Invalid password error","timestamp":"2026-03-19T03:43:12.707Z"}
{"id":1,"level":"info","message":"Login issue detected","timestamp":"2026-03-19T03:43:12.709Z"}
{"code":"ERR_INVALID_URL","input":"undefined/reactivate","level":"error","message":"Automation error Invalid URL","stack":"TypeError: Invalid URL\n    at new URL (node:internal/url:828:25)\n    at dispatchHttpRequest (D:\\2025-2026\\Onboarding\\Odoo-Analysis-automation-week5\\automation\\node_modules\\axios\\lib\\adapters\\http.js:424:22)\n    at D:\\2025-2026\\Onboarding\\Odoo-Analysis-automation-week5\\automation\\node_modules\\axios\\lib\\adapters\\http.js:261:5\n    at new Promise (<anonymous>)\n    at wrapAsync (D:\\2025-2026\\Onboarding\\Odoo-Analysis-automation-week5\\automation\\node_modules\\axios\\lib\\adapters\\http.js:241:10)\n    at http (D:\\2025-2026\\Onboarding\\Odoo-Analysis-automation-week5\\automation\\node_modules\\axios\\lib\\adapters\\http.js:329:12)\n    at Axios.dispatchRequest (D:\\2025-2026\\Onboarding\\Odoo-Analysis-automation-week5\\automation\\node_modules\\axios\\lib\\core\\dispatchRequest.js:48:10)\n    at Axios._request (D:\\2025-2026\\Onboarding\\Odoo-Analysis-automation-week5\\automation\\node_modules\\axios\\lib\\core\\Axios.js:202:33)\n    at Axios.request (D:\\2025-2026\\Onboarding\\Odoo-Analysis-automation-week5\\automation\\node_modules\\axios\\lib\\core\\Axios.js:41:25)\n    at Axios.httpMethod [as post] (D:\\2025-2026\\Onboarding\\Odoo-Analysis-automation-week5\\automation\\node_modules\\axios\\lib\\core\\Axios.js:243:19)\n    at Axios.request (D:\\2025-2026\\Onboarding\\Odoo-Analysis-automation-week5\\automation\\node_modules\\axios\\lib\\core\\Axios.js:46:41)\n    at processTicksAndRejections (node:internal/process/task_queues:103:5)\n    at async LMSAdapter.reactivateAccount (D:\\2025-2026\\Onboarding\\Odoo-Analysis-automation-week5\\automation\\src\\adapters\\secondary\\LMSAdapter.ts:8:5)\n    at async LoginAutomationService.processTicket (D:\\2025-2026\\Onboarding\\Odoo-Analysis-automation-week5\\automation\\src\\domain\\services\\LoginAutomationService.ts:33:5)\n    at async checkNewTickets (D:\\2025-2026\\Onboarding\\Odoo-Analysis-automation-week5\\automation\\src\\index.ts:86:7)","timestamp":"2026-03-19T03:43:12.725Z"}
{"level":"info","message":"Automation started...","timestamp":"2026-03-19T03:45:22.579Z"}
{"level":"info","message":"Checking new tickets...","timestamp":"2026-03-19T03:45:22.581Z"}
{"email":"nguyen.van.a@mindx.edu.vn","id":1,"level":"info","message":"Processing ticket","subject":"Giáo viên Nguyễn Văn A không thể đăng nhập LMS - Invalid password error","timestamp":"2026-03-19T03:45:23.979Z"}
{"id":1,"level":"info","message":"Login issue detected","timestamp":"2026-03-19T03:45:23.980Z"}
{"code":"EAUTH","command":"AUTH PLAIN","level":"error","message":"Automation error Invalid login: 535-5.7.8 Username and Password not accepted. For more information, go to\n535 5.7.8  https://support.google.com/mail/?p=BadCredentials d2e1a72fcca58-82a6b573fb2sm4963728b3a.18 - gsmtp","response":"535-5.7.8 Username and Password not accepted. For more information, go to\n535 5.7.8  https://support.google.com/mail/?p=BadCredentials d2e1a72fcca58-82a6b573fb2sm4963728b3a.18 - gsmtp","responseCode":535,"stack":"Error: Invalid login: 535-5.7.8 Username and Password not accepted. For more information, go to\n535 5.7.8  https://support.google.com/mail/?p=BadCredentials d2e1a72fcca58-82a6b573fb2sm4963728b3a.18 - gsmtp\n    at SMTPConnection._formatError (D:\\2025-2026\\Onboarding\\Odoo-Analysis-automation-week5\\automation\\node_modules\\nodemailer\\lib\\smtp-connection\\index.js:865:19)\n    at SMTPConnection._actionAUTHComplete (D:\\2025-2026\\Onboarding\\Odoo-Analysis-automation-week5\\automation\\node_modules\\nodemailer\\lib\\smtp-connection\\index.js:1670:34)\n    at SMTPConnection.<anonymous> (D:\\2025-2026\\Onboarding\\Odoo-Analysis-automation-week5\\automation\\node_modules\\nodemailer\\lib\\smtp-connection\\index.js:604:26)\n    at SMTPConnection._processResponse (D:\\2025-2026\\Onboarding\\Odoo-Analysis-automation-week5\\automation\\node_modules\\nodemailer\\lib\\smtp-connection\\index.js:1050:20)\n    at SMTPConnection._onData (D:\\2025-2026\\Onboarding\\Odoo-Analysis-automation-week5\\automation\\node_modules\\nodemailer\\lib\\smtp-connection\\index.js:825:14)\n    at TLSSocket.SMTPConnection._onSocketData (D:\\2025-2026\\Onboarding\\Odoo-Analysis-automation-week5\\automation\\node_modules\\nodemailer\\lib\\smtp-connection\\index.js:195:44)\n    at TLSSocket.emit (node:events:508:28)\n    at TLSSocket.emit (node:domain:489:12)\n    at addChunk (node:internal/streams/readable:559:12)\n    at readableAddChunkPushByteMode (node:internal/streams/readable:510:3)","timestamp":"2026-03-19T03:45:29.360Z"}
{"level":"info","message":"Checking new tickets...","timestamp":"2026-03-19T03:46:22.608Z"}
{"email":"nguyen.van.a@mindx.edu.vn","id":1,"level":"info","message":"Processing ticket","subject":"Giáo viên Nguyễn Văn A không thể đăng nhập LMS - Invalid password error","timestamp":"2026-03-19T03:46:22.774Z"}
{"id":1,"level":"info","message":"Login issue detected","timestamp":"2026-03-19T03:46:22.775Z"}
{"code":"EAUTH","command":"AUTH PLAIN","level":"error","message":"Automation error Invalid login: 535-5.7.8 Username and Password not accepted. For more information, go to\n535 5.7.8  https://support.google.com/mail/?p=BadCredentials 98e67ed59e1d1-35bba6a358fsm1391302a91.2 - gsmtp","response":"535-5.7.8 Username and Password not accepted. For more information, go to\n535 5.7.8  https://support.google.com/mail/?p=BadCredentials 98e67ed59e1d1-35bba6a358fsm1391302a91.2 - gsmtp","responseCode":535,"stack":"Error: Invalid login: 535-5.7.8 Username and Password not accepted. For more information, go to\n535 5.7.8  https://support.google.com/mail/?p=BadCredentials 98e67ed59e1d1-35bba6a358fsm1391302a91.2 - gsmtp\n    at SMTPConnection._formatError (D:\\2025-2026\\Onboarding\\Odoo-Analysis-automation-week5\\automation\\node_modules\\nodemailer\\lib\\smtp-connection\\index.js:865:19)\n    at SMTPConnection._actionAUTHComplete (D:\\2025-2026\\Onboarding\\Odoo-Analysis-automation-week5\\automation\\node_modules\\nodemailer\\lib\\smtp-connection\\index.js:1670:34)\n    at SMTPConnection.<anonymous> (D:\\2025-2026\\Onboarding\\Odoo-Analysis-automation-week5\\automation\\node_modules\\nodemailer\\lib\\smtp-connection\\index.js:604:26)\n    at SMTPConnection._processResponse (D:\\2025-2026\\Onboarding\\Odoo-Analysis-automation-week5\\automation\\node_modules\\nodemailer\\lib\\smtp-connection\\index.js:1050:20)\n    at SMTPConnection._onData (D:\\2025-2026\\Onboarding\\Odoo-Analysis-automation-week5\\automation\\node_modules\\nodemailer\\lib\\smtp-connection\\index.js:825:14)\n    at TLSSocket.SMTPConnection._onSocketData (D:\\2025-2026\\Onboarding\\Odoo-Analysis-automation-week5\\automation\\node_modules\\nodemailer\\lib\\smtp-connection\\index.js:195:44)\n    at TLSSocket.emit (node:events:508:28)\n    at TLSSocket.emit (node:domain:489:12)\n    at addChunk (node:internal/streams/readable:559:12)\n    at readableAddChunkPushByteMode (node:internal/streams/readable:510:3)","timestamp":"2026-03-19T03:46:28.265Z"}
{"level":"info","message":"Checking new tickets...","timestamp":"2026-03-19T03:47:22.622Z"}
{"email":"nguyen.van.a@mindx.edu.vn","id":1,"level":"info","message":"Processing ticket","subject":"Giáo viên Nguyễn Văn A không thể đăng nhập LMS - Invalid password error","timestamp":"2026-03-19T03:47:22.795Z"}
{"id":1,"level":"info","message":"Login issue detected","timestamp":"2026-03-19T03:47:22.796Z"}
{"code":"EAUTH","command":"AUTH PLAIN","level":"error","message":"Automation error Invalid login: 535-5.7.8 Username and Password not accepted. For more information, go to\n535 5.7.8  https://support.google.com/mail/?p=BadCredentials d2e1a72fcca58-82a6bf0aa95sm4619056b3a.60 - gsmtp","response":"535-5.7.8 Username and Password not accepted. For more information, go to\n535 5.7.8  https://support.google.com/mail/?p=BadCredentials d2e1a72fcca58-82a6bf0aa95sm4619056b3a.60 - gsmtp","responseCode":535,"stack":"Error: Invalid login: 535-5.7.8 Username and Password not accepted. For more information, go to\n535 5.7.8  https://support.google.com/mail/?p=BadCredentials d2e1a72fcca58-82a6bf0aa95sm4619056b3a.60 - gsmtp\n    at SMTPConnection._formatError (D:\\2025-2026\\Onboarding\\Odoo-Analysis-automation-week5\\automation\\node_modules\\nodemailer\\lib\\smtp-connection\\index.js:865:19)\n    at SMTPConnection._actionAUTHComplete (D:\\2025-2026\\Onboarding\\Odoo-Analysis-automation-week5\\automation\\node_modules\\nodemailer\\lib\\smtp-connection\\index.js:1670:34)\n    at SMTPConnection.<anonymous> (D:\\2025-2026\\Onboarding\\Odoo-Analysis-automation-week5\\automation\\node_modules\\nodemailer\\lib\\smtp-connection\\index.js:604:26)\n    at SMTPConnection._processResponse (D:\\2025-2026\\Onboarding\\Odoo-Analysis-automation-week5\\automation\\node_modules\\nodemailer\\lib\\smtp-connection\\index.js:1050:20)\n    at SMTPConnection._onData (D:\\2025-2026\\Onboarding\\Odoo-Analysis-automation-week5\\automation\\node_modules\\nodemailer\\lib\\smtp-connection\\index.js:825:14)\n    at TLSSocket.SMTPConnection._onSocketData (D:\\2025-2026\\Onboarding\\Odoo-Analysis-automation-week5\\automation\\node_modules\\nodemailer\\lib\\smtp-connection\\index.js:195:44)\n    at TLSSocket.emit (node:events:508:28)\n    at TLSSocket.emit (node:domain:489:12)\n    at addChunk (node:internal/streams/readable:559:12)\n    at readableAddChunkPushByteMode (node:internal/streams/readable:510:3)","timestamp":"2026-03-19T03:47:28.184Z"}
{"level":"info","message":"Automation started...","timestamp":"2026-03-19T04:02:40.479Z"}
{"level":"info","message":"Checking new tickets...","timestamp":"2026-03-19T04:02:40.481Z"}
{"email":"nguyen.van.a@mindx.edu.vn","id":1,"level":"info","message":"Processing ticket","subject":"Giáo viên Nguyễn Văn A không thể đăng nhập LMS - Invalid password error","timestamp":"2026-03-19T04:02:42.213Z"}
{"id":1,"level":"info","message":"Login issue detected","timestamp":"2026-03-19T04:02:42.224Z"}
{"code":"EAUTH","command":"AUTH PLAIN","level":"error","message":"Automation error Invalid login: 535-5.7.8 Username and Password not accepted. For more information, go to\n535 5.7.8  https://support.google.com/mail/?p=BadCredentials 41be03b00d2f7-c741e563a20sm3731251a12.22 - gsmtp","response":"535-5.7.8 Username and Password not accepted. For more information, go to\n535 5.7.8  https://support.google.com/mail/?p=BadCredentials 41be03b00d2f7-c741e563a20sm3731251a12.22 - gsmtp","responseCode":535,"stack":"Error: Invalid login: 535-5.7.8 Username and Password not accepted. For more information, go to\n535 5.7.8  https://support.google.com/mail/?p=BadCredentials 41be03b00d2f7-c741e563a20sm3731251a12.22 - gsmtp\n    at SMTPConnection._formatError (D:\\2025-2026\\Onboarding\\Odoo-Analysis-automation-week5\\automation\\node_modules\\nodemailer\\lib\\smtp-connection\\index.js:865:19)\n    at SMTPConnection._actionAUTHComplete (D:\\2025-2026\\Onboarding\\Odoo-Analysis-automation-week5\\automation\\node_modules\\nodemailer\\lib\\smtp-connection\\index.js:1670:34)\n    at SMTPConnection.<anonymous> (D:\\2025-2026\\Onboarding\\Odoo-Analysis-automation-week5\\automation\\node_modules\\nodemailer\\lib\\smtp-connection\\index.js:604:26)\n    at SMTPConnection._processResponse (D:\\2025-2026\\Onboarding\\Odoo-Analysis-automation-week5\\automation\\node_modules\\nodemailer\\lib\\smtp-connection\\index.js:1050:20)\n    at SMTPConnection._onData (D:\\2025-2026\\Onboarding\\Odoo-Analysis-automation-week5\\automation\\node_modules\\nodemailer\\lib\\smtp-connection\\index.js:825:14)\n    at TLSSocket.SMTPConnection._onSocketData (D:\\2025-2026\\Onboarding\\Odoo-Analysis-automation-week5\\automation\\node_modules\\nodemailer\\lib\\smtp-connection\\index.js:195:44)\n    at TLSSocket.emit (node:events:508:28)\n    at TLSSocket.emit (node:domain:489:12)\n    at addChunk (node:internal/streams/readable:559:12)\n    at readableAddChunkPushByteMode (node:internal/streams/readable:510:3)","timestamp":"2026-03-19T04:02:49.084Z"}
{"level":"info","message":"Checking new tickets...","timestamp":"2026-03-19T04:03:40.510Z"}
{"email":"nguyen.van.a@mindx.edu.vn","id":1,"level":"info","message":"Processing ticket","subject":"Giáo viên Nguyễn Văn A không thể đăng nhập LMS - Invalid password error","timestamp":"2026-03-19T04:03:40.710Z"}
{"id":1,"level":"info","message":"Login issue detected","timestamp":"2026-03-19T04:03:40.714Z"}
{"code":"EAUTH","command":"AUTH PLAIN","level":"error","message":"Automation error Invalid login: 535-5.7.8 Username and Password not accepted. For more information, go to\n535 5.7.8  https://support.google.com/mail/?p=BadCredentials d9443c01a7336-2b06f880b70sm52527225ad.71 - gsmtp","response":"535-5.7.8 Username and Password not accepted. For more information, go to\n535 5.7.8  https://support.google.com/mail/?p=BadCredentials d9443c01a7336-2b06f880b70sm52527225ad.71 - gsmtp","responseCode":535,"stack":"Error: Invalid login: 535-5.7.8 Username and Password not accepted. For more information, go to\n535 5.7.8  https://support.google.com/mail/?p=BadCredentials d9443c01a7336-2b06f880b70sm52527225ad.71 - gsmtp\n    at SMTPConnection._formatError (D:\\2025-2026\\Onboarding\\Odoo-Analysis-automation-week5\\automation\\node_modules\\nodemailer\\lib\\smtp-connection\\index.js:865:19)\n    at SMTPConnection._actionAUTHComplete (D:\\2025-2026\\Onboarding\\Odoo-Analysis-automation-week5\\automation\\node_modules\\nodemailer\\lib\\smtp-connection\\index.js:1670:34)\n    at SMTPConnection.<anonymous> (D:\\2025-2026\\Onboarding\\Odoo-Analysis-automation-week5\\automation\\node_modules\\nodemailer\\lib\\smtp-connection\\index.js:604:26)\n    at SMTPConnection._processResponse (D:\\2025-2026\\Onboarding\\Odoo-Analysis-automation-week5\\automation\\node_modules\\nodemailer\\lib\\smtp-connection\\index.js:1050:20)\n    at SMTPConnection._onData (D:\\2025-2026\\Onboarding\\Odoo-Analysis-automation-week5\\automation\\node_modules\\nodemailer\\lib\\smtp-connection\\index.js:825:14)\n    at TLSSocket.SMTPConnection._onSocketData (D:\\2025-2026\\Onboarding\\Odoo-Analysis-automation-week5\\automation\\node_modules\\nodemailer\\lib\\smtp-connection\\index.js:195:44)\n    at TLSSocket.emit (node:events:508:28)\n    at TLSSocket.emit (node:domain:489:12)\n    at addChunk (node:internal/streams/readable:559:12)\n    at readableAddChunkPushByteMode (node:internal/streams/readable:510:3)","timestamp":"2026-03-19T04:03:46.373Z"}
{"level":"info","message":"Automation started...","timestamp":"2026-03-19T04:08:52.173Z"}
{"level":"info","message":"Checking new tickets...","timestamp":"2026-03-19T04:08:52.175Z"}
{"level":"error","message":"Odoo did not return tickets","timestamp":"2026-03-19T04:08:53.614Z"}
{"level":"info","message":"Automation started...","timestamp":"2026-03-19T04:11:19.788Z"}
{"level":"info","message":"Checking new tickets...","timestamp":"2026-03-19T04:11:19.790Z"}
{"level":"error","message":"Odoo did not return tickets","timestamp":"2026-03-19T04:11:21.132Z"}
{"level":"info","message":"Automation started...","timestamp":"2026-03-19T04:11:41.878Z"}
{"level":"info","message":"Checking new tickets...","timestamp":"2026-03-19T04:11:41.889Z"}
{"level":"error","message":"Odoo did not return tickets","timestamp":"2026-03-19T04:11:43.319Z"}
{"level":"info","message":"Automation started...","timestamp":"2026-03-19T04:13:05.902Z"}
{"level":"info","message":"Checking new tickets...","timestamp":"2026-03-19T04:13:05.904Z"}
{"level":"error","message":"Odoo did not return tickets","timestamp":"2026-03-19T04:13:07.506Z"}
{"level":"info","message":"Automation started...","timestamp":"2026-03-19T04:13:57.096Z"}
{"level":"info","message":"Checking new tickets...","timestamp":"2026-03-19T04:13:57.098Z"}
{"level":"info","message":"Checking new tickets...","timestamp":"2026-03-19T04:14:57.145Z"}
{"level":"info","message":"Checking new tickets...","timestamp":"2026-03-19T04:15:57.159Z"}
{"level":"info","message":"Checking new tickets...","timestamp":"2026-03-19T04:16:57.161Z"}
{"level":"info","message":"Checking new tickets...","timestamp":"2026-03-19T04:17:57.169Z"}
{"email":"dnhtrongphuc210104@gmail.com","id":155,"level":"info","message":"Processing ticket","subject":"Em Đinh Trọng Phúc Không vào được - Login Issue","timestamp":"2026-03-19T04:17:57.334Z"}
{"id":155,"level":"info","message":"Ticket processed successfully","timestamp":"2026-03-19T04:17:57.336Z"}
{"level":"info","message":"Checking new tickets...","timestamp":"2026-03-19T04:18:57.174Z"}
{"id":155,"level":"info","message":"Ticket already processed","timestamp":"2026-03-19T04:18:57.357Z"}
{"level":"info","message":"Checking new tickets...","timestamp":"2026-03-19T04:19:57.177Z"}
{"id":155,"level":"info","message":"Ticket already processed","timestamp":"2026-03-19T04:19:57.351Z"}
{"level":"info","message":"Automation started...","timestamp":"2026-03-19T04:20:42.041Z"}
{"level":"info","message":"Checking new tickets...","timestamp":"2026-03-19T04:20:42.044Z"}
{"id":155,"level":"info","message":"Ticket already processed","timestamp":"2026-03-19T04:20:43.779Z"}
{"level":"info","message":"Automation started...","timestamp":"2026-03-19T04:21:26.386Z"}
{"level":"info","message":"Checking new tickets...","timestamp":"2026-03-19T04:21:26.389Z"}
{"id":155,"level":"info","message":"Ticket already processed","timestamp":"2026-03-19T04:21:27.786Z"}
{"level":"info","message":"Checking new tickets...","timestamp":"2026-03-19T04:22:26.437Z"}
{"id":155,"level":"info","message":"Ticket already processed","timestamp":"2026-03-19T04:22:26.620Z"}
{"level":"info","message":"Automation started...","timestamp":"2026-03-19T04:22:40.118Z"}
{"level":"info","message":"Checking new tickets...","timestamp":"2026-03-19T04:22:40.121Z"}
{"id":155,"level":"info","message":"Ticket already processed","timestamp":"2026-03-19T04:22:41.546Z"}
{"email":"nguyen.van.a@mindx.edu.vn","id":1,"level":"info","message":"Processing ticket","subject":"Giáo viên Nguyễn Văn A không thể đăng nhập LMS - Invalid password error","timestamp":"2026-03-19T04:22:41.547Z"}
{"id":1,"level":"info","message":"Login issue detected","timestamp":"2026-03-19T04:22:41.548Z"}
{"code":"EAUTH","command":"AUTH PLAIN","level":"error","message":"Automation error Invalid login: 535-5.7.8 Username and Password not accepted. For more information, go to\n535 5.7.8  https://support.google.com/mail/?p=BadCredentials d9443c01a7336-2b06e603942sm46019575ad.56 - gsmtp","response":"535-5.7.8 Username and Password not accepted. For more information, go to\n535 5.7.8  https://support.google.com/mail/?p=BadCredentials d9443c01a7336-2b06e603942sm46019575ad.56 - gsmtp","responseCode":535,"stack":"Error: Invalid login: 535-5.7.8 Username and Password not accepted. For more information, go to\n535 5.7.8  https://support.google.com/mail/?p=BadCredentials d9443c01a7336-2b06e603942sm46019575ad.56 - gsmtp\n    at SMTPConnection._formatError (D:\\2025-2026\\Onboarding\\Odoo-Analysis-automation-week5\\automation\\node_modules\\nodemailer\\lib\\smtp-connection\\index.js:865:19)\n    at SMTPConnection._actionAUTHComplete (D:\\2025-2026\\Onboarding\\Odoo-Analysis-automation-week5\\automation\\node_modules\\nodemailer\\lib\\smtp-connection\\index.js:1670:34)\n    at SMTPConnection.<anonymous> (D:\\2025-2026\\Onboarding\\Odoo-Analysis-automation-week5\\automation\\node_modules\\nodemailer\\lib\\smtp-connection\\index.js:604:26)\n    at SMTPConnection._processResponse (D:\\2025-2026\\Onboarding\\Odoo-Analysis-automation-week5\\automation\\node_modules\\nodemailer\\lib\\smtp-connection\\index.js:1050:20)\n    at SMTPConnection._onData (D:\\2025-2026\\Onboarding\\Odoo-Analysis-automation-week5\\automation\\node_modules\\nodemailer\\lib\\smtp-connection\\index.js:825:14)\n    at TLSSocket.SMTPConnection._onSocketData (D:\\2025-2026\\Onboarding\\Odoo-Analysis-automation-week5\\automation\\node_modules\\nodemailer\\lib\\smtp-connection\\index.js:195:44)\n    at TLSSocket.emit (node:events:508:28)\n    at TLSSocket.emit (node:domain:489:12)\n    at addChunk (node:internal/streams/readable:559:12)\n    at readableAddChunkPushByteMode (node:internal/streams/readable:510:3)","timestamp":"2026-03-19T04:22:47.131Z"}
{"level":"info","message":"Automation started...","timestamp":"2026-03-19T04:23:22.536Z"}
{"level":"info","message":"Checking new tickets...","timestamp":"2026-03-19T04:23:22.539Z"}
{"id":155,"level":"info","message":"Ticket already processed","timestamp":"2026-03-19T04:23:24.227Z"}
{"level":"info","message":"Checking new tickets...","timestamp":"2026-03-19T04:24:22.585Z"}
{"id":155,"level":"info","message":"Ticket already processed","timestamp":"2026-03-19T04:24:22.768Z"}
{"level":"info","message":"Checking new tickets...","timestamp":"2026-03-19T04:25:22.587Z"}
{"id":155,"level":"info","message":"Ticket already processed","timestamp":"2026-03-19T04:25:22.765Z"}
{"level":"info","message":"Automation started...","timestamp":"2026-03-19T04:26:12.200Z"}
{"level":"info","message":"Checking new tickets...","timestamp":"2026-03-19T04:26:12.203Z"}
{"id":155,"level":"info","message":"Ticket already processed","timestamp":"2026-03-19T04:26:13.894Z"}
{"level":"info","message":"Checking new tickets...","timestamp":"2026-03-19T04:27:12.239Z"}
{"id":155,"level":"info","message":"Ticket already processed","timestamp":"2026-03-19T04:27:12.434Z"}
{"level":"info","message":"Checking new tickets...","timestamp":"2026-03-19T04:28:12.246Z"}
{"id":155,"level":"info","message":"Ticket already processed","timestamp":"2026-03-19T04:28:12.419Z"}
{"level":"info","message":"Automation started...","timestamp":"2026-03-19T04:31:59.498Z"}
{"level":"info","message":"Checking new tickets...","timestamp":"2026-03-19T04:31:59.501Z"}
{"id":155,"level":"info","message":"Ticket already processed","timestamp":"2026-03-19T04:32:01.286Z"}
{"id":8,"level":"info","message":"Ticket already processed","timestamp":"2026-03-19T04:32:01.286Z"}
{"id":7,"level":"info","message":"Ticket already processed","timestamp":"2026-03-19T04:32:01.287Z"}
{"id":6,"level":"info","message":"Ticket already processed","timestamp":"2026-03-19T04:32:01.287Z"}
{"id":4,"level":"info","message":"Ticket already processed","timestamp":"2026-03-19T04:32:01.287Z"}
{"level":"info","message":"Checking new tickets...","timestamp":"2026-03-19T04:32:59.566Z"}
{"id":155,"level":"info","message":"Ticket already processed","timestamp":"2026-03-19T04:32:59.788Z"}
{"id":8,"level":"info","message":"Ticket already processed","timestamp":"2026-03-19T04:32:59.789Z"}
{"id":7,"level":"info","message":"Ticket already processed","timestamp":"2026-03-19T04:32:59.790Z"}
{"id":6,"level":"info","message":"Ticket already processed","timestamp":"2026-03-19T04:32:59.790Z"}
{"id":4,"level":"info","message":"Ticket already processed","timestamp":"2026-03-19T04:32:59.791Z"}
{"level":"info","message":"Checking new tickets...","timestamp":"2026-03-19T04:33:59.573Z"}
{"id":155,"level":"info","message":"Ticket already processed","timestamp":"2026-03-19T04:34:00.008Z"}
{"id":8,"level":"info","message":"Ticket already processed","timestamp":"2026-03-19T04:34:00.008Z"}
{"id":7,"level":"info","message":"Ticket already processed","timestamp":"2026-03-19T04:34:00.009Z"}
{"id":6,"level":"info","message":"Ticket already processed","timestamp":"2026-03-19T04:34:00.009Z"}
{"id":4,"level":"info","message":"Ticket already processed","timestamp":"2026-03-19T04:34:00.009Z"}
{"level":"info","message":"Checking new tickets...","timestamp":"2026-03-19T04:34:59.588Z"}
{"id":155,"level":"info","message":"Ticket already processed","timestamp":"2026-03-19T04:34:59.797Z"}
{"id":8,"level":"info","message":"Ticket already processed","timestamp":"2026-03-19T04:34:59.797Z"}
{"id":7,"level":"info","message":"Ticket already processed","timestamp":"2026-03-19T04:34:59.797Z"}
{"id":6,"level":"info","message":"Ticket already processed","timestamp":"2026-03-19T04:34:59.798Z"}
{"id":4,"level":"info","message":"Ticket already processed","timestamp":"2026-03-19T04:34:59.798Z"}
{"level":"info","message":"Automation started...","timestamp":"2026-03-19T04:36:37.717Z"}
{"level":"info","message":"Checking new tickets...","timestamp":"2026-03-19T04:36:37.719Z"}
{"level":"error","message":"Automation error Cannot read properties of undefined (reading 'filter')","stack":"TypeError: Cannot read properties of undefined (reading 'filter')\n    at checkNewTickets (D:\\2025-2026\\Onboarding\\Odoo-Analysis-automation-week5\\automation\\src\\index.ts:56:33)\n    at processTicksAndRejections (node:internal/process/task_queues:103:5)","timestamp":"2026-03-19T04:36:39.211Z"}
{"level":"info","message":"Automation started...","timestamp":"2026-03-19T04:37:27.509Z"}
{"level":"info","message":"Checking new tickets...","timestamp":"2026-03-19T04:37:27.512Z"}
{"level":"error","message":"Automation error Cannot read properties of undefined (reading 'filter')","stack":"TypeError: Cannot read properties of undefined (reading 'filter')\n    at checkNewTickets (D:\\2025-2026\\Onboarding\\Odoo-Analysis-automation-week5\\automation\\src\\index.ts:56:33)\n    at processTicksAndRejections (node:internal/process/task_queues:103:5)","timestamp":"2026-03-19T04:37:28.949Z"}
{"level":"info","message":"Automation started...","timestamp":"2026-03-19T04:37:50.380Z"}
{"level":"info","message":"Checking new tickets...","timestamp":"2026-03-19T04:37:50.382Z"}
{"id":155,"level":"info","message":"Ticket already processed","timestamp":"2026-03-19T04:37:51.844Z"}
{"level":"info","message":"Automation started...","timestamp":"2026-03-19T04:44:19.433Z"}
{"level":"info","message":"Checking new tickets...","timestamp":"2026-03-19T04:44:19.436Z"}
{"id":155,"level":"info","message":"Ticket already processed","timestamp":"2026-03-19T04:44:21.081Z"}
{"level":"info","message":"Checking new tickets...","timestamp":"2026-03-19T04:45:19.472Z"}
{"id":155,"level":"info","message":"Ticket already processed","timestamp":"2026-03-19T04:45:19.680Z"}
{"level":"info","message":"Automation started...","timestamp":"2026-03-19T04:45:44.604Z"}
{"level":"info","message":"Checking new tickets...","timestamp":"2026-03-19T04:45:44.607Z"}
{"id":155,"level":"info","message":"Ticket already processed","timestamp":"2026-03-19T04:45:46.065Z"}
{"level":"info","message":"Automation started...","timestamp":"2026-03-19T04:48:37.950Z"}
{"level":"info","message":"Checking new tickets...","timestamp":"2026-03-19T04:48:37.953Z"}
{"email":"dnhtrongphuc210104@gmail.com","id":155,"level":"info","message":"Processing ticket","subject":"Em Đinh Trọng Phúc Không vào được - Login Issue","timestamp":"2026-03-19T04:48:39.476Z"}
{"id":155,"level":"info","message":"Login issue detected","timestamp":"2026-03-19T04:48:39.477Z"}
{"code":"EAUTH","command":"AUTH PLAIN","level":"error","message":"Automation error Invalid login: 535-5.7.8 Username and Password not accepted. For more information, go to\n535 5.7.8  https://support.google.com/mail/?p=BadCredentials d9443c01a7336-2b06e44b6a7sm43270905ad.35 - gsmtp","response":"535-5.7.8 Username and Password not accepted. For more information, go to\n535 5.7.8  https://support.google.com/mail/?p=BadCredentials d9443c01a7336-2b06e44b6a7sm43270905ad.35 - gsmtp","responseCode":535,"stack":"Error: Invalid login: 535-5.7.8 Username and Password not accepted. For more information, go to\n535 5.7.8  https://support.google.com/mail/?p=BadCredentials d9443c01a7336-2b06e44b6a7sm43270905ad.35 - gsmtp\n    at SMTPConnection._formatError (D:\\2025-2026\\Onboarding\\Odoo-Analysis-automation-week5\\automation\\node_modules\\nodemailer\\lib\\smtp-connection\\index.js:865:19)\n    at SMTPConnection._actionAUTHComplete (D:\\2025-2026\\Onboarding\\Odoo-Analysis-automation-week5\\automation\\node_modules\\nodemailer\\lib\\smtp-connection\\index.js:1670:34)\n    at SMTPConnection.<anonymous> (D:\\2025-2026\\Onboarding\\Odoo-Analysis-automation-week5\\automation\\node_modules\\nodemailer\\lib\\smtp-connection\\index.js:604:26)\n    at SMTPConnection._processResponse (D:\\2025-2026\\Onboarding\\Odoo-Analysis-automation-week5\\automation\\node_modules\\nodemailer\\lib\\smtp-connection\\index.js:1050:20)\n    at SMTPConnection._onData (D:\\2025-2026\\Onboarding\\Odoo-Analysis-automation-week5\\automation\\node_modules\\nodemailer\\lib\\smtp-connection\\index.js:825:14)\n    at TLSSocket.SMTPConnection._onSocketData (D:\\2025-2026\\Onboarding\\Odoo-Analysis-automation-week5\\automation\\node_modules\\nodemailer\\lib\\smtp-connection\\index.js:195:44)\n    at TLSSocket.emit (node:events:508:28)\n    at TLSSocket.emit (node:domain:489:12)\n    at addChunk (node:internal/streams/readable:559:12)\n    at readableAddChunkPushByteMode (node:internal/streams/readable:510:3)","timestamp":"2026-03-19T04:48:41.688Z"}
{"level":"info","message":"Automation started...","timestamp":"2026-03-19T04:58:32.684Z"}
{"level":"info","message":"Checking new tickets...","timestamp":"2026-03-19T04:58:32.687Z"}
{"level":"info","message":"Automation started...","timestamp":"2026-03-19T05:02:08.711Z"}
{"level":"info","message":"Checking new tickets...","timestamp":"2026-03-19T05:02:08.713Z"}
{"email":"dnhtrongphuc210104@gmail.com","id":155,"level":"info","message":"Processing ticket","subject":"Em Đinh Trọng Phúc Không vào được - Login Issue","timestamp":"2026-03-19T05:02:10.360Z"}
{"id":155,"level":"info","message":"Login issue detected","timestamp":"2026-03-19T05:02:10.361Z"}
{"level":"info","message":"Automation completed","ticketId":155,"timestamp":"2026-03-19T05:02:14.337Z"}
{"id":155,"level":"info","message":"Ticket processed successfully","timestamp":"2026-03-19T05:02:14.338Z"}
{"level":"info","message":"Automation started...","timestamp":"2026-03-19T05:24:51.228Z"}
{"level":"info","message":"Checking new tickets...","timestamp":"2026-03-19T05:24:51.230Z"}
{"id":155,"level":"info","message":"Ticket already processed","timestamp":"2026-03-19T05:24:52.637Z"}
{"level":"info","message":"Automation started...","timestamp":"2026-03-19T05:25:10.680Z"}
{"level":"info","message":"Checking new tickets...","timestamp":"2026-03-19T05:25:10.683Z"}
{"email":"dnhtrongphuc210104@gmail.com","id":155,"level":"info","message":"Processing ticket","subject":"Em Đinh Trọng Phúc Không vào được - Login Issue","timestamp":"2026-03-19T05:25:12.189Z"}
{"id":155,"level":"info","message":"Login issue detected","timestamp":"2026-03-19T05:25:12.190Z"}
{"level":"info","message":"Automation completed","ticketId":155,"timestamp":"2026-03-19T05:25:16.118Z"}
{"id":155,"level":"info","message":"Ticket processed successfully","timestamp":"2026-03-19T05:25:16.119Z"}
{"level":"info","message":"Checking new tickets...","timestamp":"2026-03-19T05:26:10.716Z"}
{"level":"info","message":"Checking new tickets...","timestamp":"2026-03-19T05:27:10.729Z"}
{"id":155,"level":"info","message":"Ticket already processed","timestamp":"2026-03-19T05:27:10.958Z"}
{"level":"info","message":"Checking new tickets...","timestamp":"2026-03-19T05:28:10.743Z"}
{"id":155,"level":"info","message":"Ticket already processed","timestamp":"2026-03-19T05:28:10.959Z"}
{"level":"info","message":"Automation started...","timestamp":"2026-03-19T05:28:54.952Z"}
{"level":"info","message":"Checking new tickets...","timestamp":"2026-03-19T05:28:54.954Z"}
{"id":155,"level":"info","message":"Ticket already processed","timestamp":"2026-03-19T05:28:56.955Z"}
{"level":"info","message":"Automation started...","timestamp":"2026-03-19T05:29:48.591Z"}
{"level":"info","message":"Checking new tickets...","timestamp":"2026-03-19T05:29:48.594Z"}
{"email":"dnhtrongphuc210104@gmail.com","id":155,"level":"info","message":"Processing ticket","subject":"Em Đinh Trọng Phúc Không vào được - Login Issue","timestamp":"2026-03-19T05:29:50.020Z"}
{"id":155,"level":"info","message":"Login issue detected","timestamp":"2026-03-19T05:29:50.021Z"}
{"level":"info","message":"Automation completed","ticketId":155,"timestamp":"2026-03-19T05:29:53.992Z"}
{"id":155,"level":"info","message":"Ticket processed successfully","timestamp":"2026-03-19T05:29:53.993Z"}
{"level":"info","message":"Checking new tickets...","timestamp":"2026-03-19T05:30:48.621Z"}
{"level":"info","message":"Checking new tickets...","timestamp":"2026-03-19T05:31:48.635Z"}
{"level":"info","message":"Automation started...","timestamp":"2026-03-19T05:32:36.328Z"}
{"level":"info","message":"Checking new tickets...","timestamp":"2026-03-19T05:32:36.330Z"}
{"level":"info","message":"Checking new tickets...","timestamp":"2026-03-19T05:33:36.359Z"}
{"level":"info","message":"Checking new tickets...","timestamp":"2026-03-19T05:34:36.359Z"}
{"level":"info","message":"Checking new tickets...","timestamp":"2026-03-19T05:35:36.368Z"}
{"level":"info","message":"Checking new tickets...","timestamp":"2026-03-19T05:36:36.372Z"}
{"level":"info","message":"Checking new tickets...","timestamp":"2026-03-19T05:37:36.373Z"}
{"level":"info","message":"Checking new tickets...","timestamp":"2026-03-19T05:38:36.381Z"}
{"level":"info","message":"Automation started...","timestamp":"2026-03-19T05:45:47.228Z"}
{"level":"info","message":"Checking new tickets...","timestamp":"2026-03-19T05:45:47.231Z"}
{"id":155,"level":"info","message":"Ticket already processed","timestamp":"2026-03-19T05:45:48.721Z"}
{"level":"info","message":"Automation started...","timestamp":"2026-03-19T05:46:12.989Z"}
{"level":"info","message":"Checking new tickets...","timestamp":"2026-03-19T05:46:12.991Z"}
{"email":"dnhtrongphuc210104@gmail.com","id":155,"level":"info","message":"Processing ticket","subject":"Em Đinh Trọng Phúc Không vào được LMS - Login Issue","timestamp":"2026-03-19T05:46:14.480Z"}
{"id":155,"level":"info","message":"Login issue detected","timestamp":"2026-03-19T05:46:14.481Z"}
{"level":"info","message":"Automation completed","ticketId":155,"timestamp":"2026-03-19T05:46:18.383Z"}
{"id":155,"level":"info","message":"Ticket processed successfully","timestamp":"2026-03-19T05:46:18.384Z"}
{"level":"info","message":"Checking new tickets...","timestamp":"2026-03-19T05:47:13.024Z"}
{"level":"info","message":"Checking new tickets...","timestamp":"2026-03-19T05:48:13.037Z"}
{"level":"info","message":"Checking new tickets...","timestamp":"2026-03-19T05:49:13.051Z"}
{"level":"info","message":"Checking new tickets...","timestamp":"2026-03-19T05:50:13.057Z"}
{"level":"info","message":"Checking new tickets...","timestamp":"2026-03-19T05:51:13.064Z"}
{"level":"info","message":"Checking new tickets...","timestamp":"2026-03-19T05:52:13.074Z"}
